<?xml version="1.0" encoding="UTF-8"?>
<testng-results skipped="0" failed="0" ignored="0" total="1" passed="1">
  <reporter-output>
  </reporter-output>
  <suite name="Default suite" duration-ms="107545" started-at="2020-06-07T19:43:04 IST" finished-at="2020-06-07T19:44:51 IST">
    <groups>
    </groups>
    <test name="Default test" duration-ms="107545" started-at="2020-06-07T19:43:04 IST" finished-at="2020-06-07T19:44:51 IST">
      <class name="Tests.getAPITest">
        <test-method status="PASS" signature="setup()[pri:0, instance:Tests.getAPITest@75d4a5c2]" name="setup" is-config="true" duration-ms="13" started-at="2020-06-07T19:43:04 IST" finished-at="2020-06-07T19:43:04 IST">
          <reporter-output>
          </reporter-output>
        </test-method> <!-- setup -->
        <test-method status="PASS" signature="getFirstAPIWithHeaderTest()[pri:0, instance:Tests.getAPITest@75d4a5c2]" name="getFirstAPIWithHeaderTest" duration-ms="107455" started-at="2020-06-07T19:43:04 IST" finished-at="2020-06-07T19:44:51 IST">
          <reporter-output>
          </reporter-output>
        </test-method> <!-- getFirstAPIWithHeaderTest -->
      </class> <!-- Tests.getAPITest -->
    </test> <!-- Default test -->
  </suite> <!-- Default suite -->
</testng-results>
